2024-08-17 13:13:12,755 - __main__ - INFO - epoch 1 begin
2024-08-17 13:13:12,830 - __main__ - INFO - epoch average loss: 0.066504
2024-08-17 13:13:12,830 - __main__ - INFO - 开始测试第1轮模型效果：
2024-08-17 13:13:12,873 - __main__ - INFO - 预测集合条目总量：464
2024-08-17 13:13:12,873 - __main__ - INFO - 预测正确条目：411，预测错误条目：53
2024-08-17 13:13:12,874 - __main__ - INFO - 预测准确率：0.885776
2024-08-17 13:13:12,874 - __main__ - INFO - --------------------
2024-08-17 13:13:12,874 - __main__ - INFO - epoch 2 begin
2024-08-17 13:13:12,930 - __main__ - INFO - epoch average loss: 0.050695
2024-08-17 13:13:12,930 - __main__ - INFO - 开始测试第2轮模型效果：
2024-08-17 13:13:12,971 - __main__ - INFO - 预测集合条目总量：464
2024-08-17 13:13:12,971 - __main__ - INFO - 预测正确条目：412，预测错误条目：52
2024-08-17 13:13:12,971 - __main__ - INFO - 预测准确率：0.887931
2024-08-17 13:13:12,971 - __main__ - INFO - --------------------
2024-08-17 13:13:12,972 - __main__ - INFO - epoch 3 begin
2024-08-17 13:13:13,021 - __main__ - INFO - epoch average loss: 0.058015
2024-08-17 13:13:13,021 - __main__ - INFO - 开始测试第3轮模型效果：
2024-08-17 13:13:13,059 - __main__ - INFO - 预测集合条目总量：464
2024-08-17 13:13:13,059 - __main__ - INFO - 预测正确条目：411，预测错误条目：53
2024-08-17 13:13:13,059 - __main__ - INFO - 预测准确率：0.885776
2024-08-17 13:13:13,059 - __main__ - INFO - --------------------
2024-08-17 13:13:13,059 - __main__ - INFO - epoch 4 begin
2024-08-17 13:13:13,106 - __main__ - INFO - epoch average loss: 0.049710
2024-08-17 13:13:13,106 - __main__ - INFO - 开始测试第4轮模型效果：
2024-08-17 13:13:13,145 - __main__ - INFO - 预测集合条目总量：464
2024-08-17 13:13:13,145 - __main__ - INFO - 预测正确条目：413，预测错误条目：51
2024-08-17 13:13:13,145 - __main__ - INFO - 预测准确率：0.890086
2024-08-17 13:13:13,145 - __main__ - INFO - --------------------
2024-08-17 13:13:13,145 - __main__ - INFO - epoch 5 begin
2024-08-17 13:13:13,196 - __main__ - INFO - epoch average loss: 0.054021
2024-08-17 13:13:13,196 - __main__ - INFO - 开始测试第5轮模型效果：
2024-08-17 13:13:13,236 - __main__ - INFO - 预测集合条目总量：464
2024-08-17 13:13:13,236 - __main__ - INFO - 预测正确条目：413，预测错误条目：51
2024-08-17 13:13:13,236 - __main__ - INFO - 预测准确率：0.890086
2024-08-17 13:13:13,237 - __main__ - INFO - --------------------
2024-08-17 13:13:13,237 - __main__ - INFO - epoch 6 begin
2024-08-17 13:13:13,280 - __main__ - INFO - epoch average loss: nan
2024-08-17 13:13:13,280 - __main__ - INFO - 开始测试第6轮模型效果：
2024-08-17 13:13:13,320 - __main__ - INFO - 预测集合条目总量：464
2024-08-17 13:13:13,320 - __main__ - INFO - 预测正确条目：417，预测错误条目：47
2024-08-17 13:13:13,320 - __main__ - INFO - 预测准确率：0.898707
2024-08-17 13:13:13,320 - __main__ - INFO - --------------------
2024-08-17 13:13:13,320 - __main__ - INFO - epoch 7 begin
2024-08-17 13:13:13,364 - __main__ - INFO - epoch average loss: 0.063370
2024-08-17 13:13:13,364 - __main__ - INFO - 开始测试第7轮模型效果：
2024-08-17 13:13:13,403 - __main__ - INFO - 预测集合条目总量：464
2024-08-17 13:13:13,403 - __main__ - INFO - 预测正确条目：417，预测错误条目：47
2024-08-17 13:13:13,403 - __main__ - INFO - 预测准确率：0.898707
2024-08-17 13:13:13,403 - __main__ - INFO - --------------------
2024-08-17 13:13:13,403 - __main__ - INFO - epoch 8 begin
2024-08-17 13:13:13,460 - __main__ - INFO - epoch average loss: nan
2024-08-17 13:13:13,460 - __main__ - INFO - 开始测试第8轮模型效果：
2024-08-17 13:13:13,494 - __main__ - INFO - 预测集合条目总量：464
2024-08-17 13:13:13,494 - __main__ - INFO - 预测正确条目：417，预测错误条目：47
2024-08-17 13:13:13,494 - __main__ - INFO - 预测准确率：0.898707
2024-08-17 13:13:13,494 - __main__ - INFO - --------------------
2024-08-17 13:13:13,495 - __main__ - INFO - epoch 9 begin
2024-08-17 13:13:13,540 - __main__ - INFO - epoch average loss: 0.068454
2024-08-17 13:13:13,540 - __main__ - INFO - 开始测试第9轮模型效果：
2024-08-17 13:13:13,575 - __main__ - INFO - 预测集合条目总量：464
2024-08-17 13:13:13,575 - __main__ - INFO - 预测正确条目：418，预测错误条目：46
2024-08-17 13:13:13,575 - __main__ - INFO - 预测准确率：0.900862
2024-08-17 13:13:13,575 - __main__ - INFO - --------------------
2024-08-17 13:13:13,575 - __main__ - INFO - epoch 10 begin
2024-08-17 13:13:13,614 - __main__ - INFO - epoch average loss: nan
2024-08-17 13:13:13,614 - __main__ - INFO - 开始测试第10轮模型效果：
2024-08-17 13:13:13,648 - __main__ - INFO - 预测集合条目总量：464
2024-08-17 13:13:13,648 - __main__ - INFO - 预测正确条目：416，预测错误条目：48
2024-08-17 13:13:13,648 - __main__ - INFO - 预测准确率：0.896552
2024-08-17 13:13:13,648 - __main__ - INFO - --------------------
